# JRE version: Java(TM) SE Runtime Environment 18.9 (11.0.17+10) (build 11.0.17+10-LTS-269)
# Java VM: Java HotSpot(TM) 64-Bit Server VM 18.9 (11.0.17+10-LTS-269, mixed mode, tiered, compressed oops, g1 gc, windows-amd64)
Heap:
 garbage-first heap   total 131072K, used 93889K [0x0000000080000000, 0x0000000100000000)
  region size 1024K, 32 young (32768K), 4 survivors (4096K)
 Metaspace       used 80268K, capacity 81900K, committed 82168K, reserved 587776K
  class space    used 10324K, capacity 10992K, committed 11008K, reserved 516096K
GC Heap History (10 events):
Event: 90.277 GC heap before
{Heap before GC invocations=17 (full 0):
 garbage-first heap   total 131072K, used 93678K [0x0000000080000000, 0x0000000100000000)
  region size 1024K, 44 young (45056K), 6 survivors (6144K)
 Metaspace       used 67688K, capacity 69073K, committed 69240K, reserved 577536K
  class space    used 8932K, capacity 9552K, committed 9600K, reserved 516096K
}
Event: 90.293 GC heap after
{Heap after GC invocations=18 (full 0):
 garbage-first heap   total 131072K, used 59243K [0x0000000080000000, 0x0000000100000000)
  region size 1024K, 4 young (4096K), 4 survivors (4096K)
 Metaspace       used 67688K, capacity 69073K, committed 69240K, reserved 577536K
  class space    used 8932K, capacity 9552K, committed 9600K, reserved 516096K
}
Event: 91.842 GC heap before
{Heap before GC invocations=19 (full 0):
 garbage-first heap   total 131072K, used 102251K [0x0000000080000000, 0x0000000100000000)
  region size 1024K, 46 young (47104K), 4 survivors (4096K)
 Metaspace       used 71682K, capacity 73153K, committed 73464K, reserved 581632K
  class space    used 9283K, capacity 9908K, committed 9984K, reserved 516096K
}
Event: 91.855 GC heap after
{Heap after GC invocations=20 (full 0):
 garbage-first heap   total 131072K, used 61962K [0x0000000080000000, 0x0000000100000000)
  region size 1024K, 3 young (3072K), 3 survivors (3072K)
 Metaspace       used 71682K, capacity 73153K, committed 73464K, reserved 581632K
  class space    used 9283K, capacity 9908K, committed 9984K, reserved 516096K
}
Event: 93.291 GC heap before
{Heap before GC invocations=21 (full 0):
 garbage-first heap   total 131072K, used 103946K [0x0000000080000000, 0x0000000100000000)
  region size 1024K, 44 young (45056K), 3 survivors (3072K)
 Metaspace       used 75114K, capacity 76614K, committed 76920K, reserved 583680K
  class space    used 9680K, capacity 10315K, committed 10368K, reserved 516096K
}
Event: 93.299 GC heap after
{Heap after GC invocations=22 (full 0):
 garbage-first heap   total 131072K, used 63239K [0x0000000080000000, 0x0000000100000000)
  region size 1024K, 4 young (4096K), 4 survivors (4096K)
 Metaspace       used 75114K, capacity 76614K, committed 76920K, reserved 583680K
  class space    used 9680K, capacity 10315K, committed 10368K, reserved 516096K
}
Event: 100.543 GC heap before
{Heap before GC invocations=22 (full 0):
 garbage-first heap   total 131072K, used 106247K [0x0000000080000000, 0x0000000100000000)
  region size 1024K, 46 young (47104K), 4 survivors (4096K)
 Metaspace       used 79259K, capacity 80906K, committed 81144K, reserved 587776K
  class space    used 10219K, capacity 10895K, committed 11008K, reserved 516096K
}
Event: 100.558 GC heap after
{Heap after GC invocations=23 (full 0):
 garbage-first heap   total 131072K, used 64790K [0x0000000080000000, 0x0000000100000000)
  region size 1024K, 3 young (3072K), 3 survivors (3072K)
 Metaspace       used 79259K, capacity 80906K, committed 81144K, reserved 587776K
  class space    used 10219K, capacity 10895K, committed 11008K, reserved 516096K
}
Event: 101.032 GC heap before
{Heap before GC invocations=24 (full 0):
 garbage-first heap   total 131072K, used 69910K [0x0000000080000000, 0x0000000100000000)
  region size 1024K, 9 young (9216K), 3 survivors (3072K)
 Metaspace       used 79712K, capacity 81354K, committed 81656K, reserved 587776K
  class space    used 10269K, capacity 10959K, committed 11008K, reserved 516096K
}
Event: 101.043 GC heap after
{Heap after GC invocations=25 (full 0):
 garbage-first heap   total 131072K, used 65217K [0x0000000080000000, 0x0000000100000000)
  region size 1024K, 4 young (4096K), 4 survivors (4096K)
 Metaspace       used 79712K, capacity 81354K, committed 81656K, reserved 587776K
  class space    used 10269K, capacity 10959K, committed 11008K, reserved 516096K
}

