# JRE version: Java(TM) SE Runtime Environment 18.9 (11.0.17+10) (build 11.0.17+10-LTS-269)
# Java VM: Java HotSpot(TM) 64-Bit Server VM 18.9 (11.0.17+10-LTS-269, mixed mode, tiered, compressed oops, g1 gc, windows-amd64)
Heap:
 garbage-first heap   total 131072K, used 30072K [0x0000000080000000, 0x0000000100000000)
  region size 1024K, 14 young (14336K), 7 survivors (7168K)
 Metaspace       used 36401K, capacity 37314K, committed 37448K, reserved 548864K
  class space    used 4726K, capacity 5068K, committed 5120K, reserved 516096K
GC Heap History (10 events):
Event: 52.696 GC heap before
{Heap before GC invocations=2 (full 0):
 garbage-first heap   total 131072K, used 51706K [0x0000000080000000, 0x0000000100000000)
  region size 1024K, 42 young (43008K), 6 survivors (6144K)
 Metaspace       used 18006K, capacity 18382K, committed 18688K, reserved 532480K
  class space    used 2112K, capacity 2242K, committed 2304K, reserved 516096K
}
Event: 52.758 GC heap after
{Heap after GC invocations=3 (full 0):
 garbage-first heap   total 131072K, used 17555K [0x0000000080000000, 0x0000000100000000)
  region size 1024K, 3 young (3072K), 3 survivors (3072K)
 Metaspace       used 18006K, capacity 18382K, committed 18688K, reserved 532480K
  class space    used 2112K, capacity 2242K, committed 2304K, reserved 516096K
}
Event: 55.440 GC heap before
{Heap before GC invocations=3 (full 0):
 garbage-first heap   total 131072K, used 40083K [0x0000000080000000, 0x0000000100000000)
  region size 1024K, 26 young (26624K), 3 survivors (3072K)
 Metaspace       used 20759K, capacity 21224K, committed 21296K, reserved 536576K
  class space    used 2523K, capacity 2687K, committed 2688K, reserved 516096K
}
Event: 55.451 GC heap after
{Heap after GC invocations=4 (full 0):
 garbage-first heap   total 131072K, used 18504K [0x0000000080000000, 0x0000000100000000)
  region size 1024K, 4 young (4096K), 4 survivors (4096K)
 Metaspace       used 20759K, capacity 21224K, committed 21296K, reserved 536576K
  class space    used 2523K, capacity 2687K, committed 2688K, reserved 516096K
}
Event: 58.789 GC heap before
{Heap before GC invocations=5 (full 0):
 garbage-first heap   total 131072K, used 70728K [0x0000000080000000, 0x0000000100000000)
  region size 1024K, 55 young (56320K), 4 survivors (4096K)
 Metaspace       used 25204K, capacity 25833K, committed 26032K, reserved 538624K
  class space    used 3259K, capacity 3482K, committed 3584K, reserved 516096K
}
Event: 58.804 GC heap after
{Heap after GC invocations=6 (full 0):
 garbage-first heap   total 131072K, used 20550K [0x0000000080000000, 0x0000000100000000)
  region size 1024K, 6 young (6144K), 6 survivors (6144K)
 Metaspace       used 25204K, capacity 25833K, committed 26032K, reserved 538624K
  class space    used 3259K, capacity 3482K, committed 3584K, reserved 516096K
}
Event: 65.364 GC heap before
{Heap before GC invocations=6 (full 0):
 garbage-first heap   total 131072K, used 83014K [0x0000000080000000, 0x0000000100000000)
  region size 1024K, 67 young (68608K), 6 survivors (6144K)
 Metaspace       used 30906K, capacity 31596K, committed 31792K, reserved 544768K
  class space    used 4136K, capacity 4434K, committed 4480K, reserved 516096K
}
Event: 65.378 GC heap after
{Heap after GC invocations=7 (full 0):
 garbage-first heap   total 131072K, used 22123K [0x0000000080000000, 0x0000000100000000)
  region size 1024K, 5 young (5120K), 5 survivors (5120K)
 Metaspace       used 30906K, capacity 31596K, committed 31792K, reserved 544768K
  class space    used 4136K, capacity 4434K, committed 4480K, reserved 516096K
}
Event: 67.885 GC heap before
{Heap before GC invocations=7 (full 0):
 garbage-first heap   total 131072K, used 36459K [0x0000000080000000, 0x0000000100000000)
  region size 1024K, 20 young (20480K), 5 survivors (5120K)
 Metaspace       used 34715K, capacity 35562K, committed 35708K, reserved 548864K
  class space    used 4505K, capacity 4844K, committed 4864K, reserved 516096K
}
Event: 67.909 GC heap after
{Heap after GC invocations=8 (full 0):
 garbage-first heap   total 131072K, used 23928K [0x0000000080000000, 0x0000000100000000)
  region size 1024K, 7 young (7168K), 7 survivors (7168K)
 Metaspace       used 34715K, capacity 35562K, committed 35708K, reserved 548864K
  class space    used 4505K, capacity 4844K, committed 4864K, reserved 516096K
}

